<?xml version="1.0" encoding="UTF-8" ?>
<testsuite tests="4" failures="0" name="org.god.ibatis.GodBatisTest" time="0.531" errors="0" skipped="0">
  <properties>
[...]
</properties>
  <testcase classname="org.god.ibatis.GodBatisTest" name="test1" time="0.456"/>
  <testcase classname="org.god.ibatis.GodBatisTest" name="test2" time="0.04"/>
  <testcase classname="org.god.ibatis.GodBatisTest" name="test3" time="0.035"/>
  <testcase classname="org.god.ibatis.GodBatisTest" name="test4" time="0"/>
</testsuite>